<?xml version="1.0" encoding="UTF-8"?>
<!-- Generated by org.testng.reporters.JUnitReportReporter -->
<testsuite hostname="rahaman" name="ScannerTutorial1.NewTest" tests="1" failures="0" timestamp="2 Jan 2019 05:22:46 GMT" time="0.016" errors="0">
  <testcase name="f" time="0.016" classname="ScannerTutorial1.NewTest"/>
</testsuite> <!-- ScannerTutorial1.NewTest -->
