<?xml version="1.0" encoding="UTF-8"?>
<!-- Generated by org.testng.reporters.JUnitReportReporter -->
<testsuite hostname="Rak" name="ScannerTutorial.NewTestNG" tests="2" failures="0" timestamp="20 Jan 2019 06:57:13 GMT" time="0.112" errors="0">
  <testcase name="g" time="0.110" classname="ScannerTutorial.NewTestNG"/>
  <testcase name="f" time="0.002" classname="ScannerTutorial.NewTestNG"/>
</testsuite> <!-- ScannerTutorial.NewTestNG -->
