<?xml version="1.0" encoding="UTF-8"?>
<!-- Generated by org.testng.reporters.JUnitReportReporter -->
<testsuite hostname="rahaman" name="ABCD.ABCD.PopupsTest" tests="1" failures="0" timestamp="5 Jan 2019 05:18:39 GMT" time="0.018" errors="0">
  <testcase name="f" time="0.018" classname="ABCD.ABCD.PopupsTest"/>
</testsuite> <!-- ABCD.ABCD.PopupsTest -->
