<?xml version="1.0" encoding="UTF-8"?>
<!-- Generated by org.testng.reporters.JUnitReportReporter -->
<testsuite skipped="1" hostname="Rak" name="testNG.facebookReg" tests="1" failures="0" timestamp="28 Jan 2019 07:29:29 GMT" time="0.000" errors="0">
  <testcase name="FacebookRegpage" time="0.000" classname="testNG.facebookReg">
    <skipped/>
  </testcase> <!-- FacebookRegpage -->
</testsuite> <!-- testNG.facebookReg -->
