<?xml version="1.0" encoding="UTF-8"?>
<!-- Generated by org.testng.reporters.JUnitReportReporter -->
<testsuite hostname="Rak" failures="0" tests="1" name="testNG.preview" time="0.000" errors="0" timestamp="25 Feb 2019 05:39:29 GMT" skipped="0">
  <testcase classname="testNG.preview" name="f" time="0.000"/>
</testsuite> <!-- testNG.preview -->
