<?xml version="1.0" encoding="UTF-8"?>
<!-- Generated by org.testng.reporters.JUnitReportReporter -->
<testsuite hostname="Rak" failures="0" tests="1" name="com.utility.Autoit" time="29.077" errors="0" timestamp="07 Feb 2019 18:59:37 GMT" skipped="0">
  <testcase classname="com.utility.Autoit" name="f" time="29.077"/>
</testsuite> <!-- com.utility.Autoit -->
