<?xml version="1.0" encoding="UTF-8"?>
<!-- Generated by org.testng.reporters.JUnitReportReporter -->
<testsuite skipped="0" hostname="Rak" name="Retry.AssertClass1234" tests="3" failures="0" timestamp="31 Jan 2019 06:00:19 GMT" time="78.071" errors="0">
  <testcase name="starts" time="33.967" classname="Retry.AssertClass1234"/>
  <testcase name="logout" time="8.542" classname="Retry.AssertClass1234"/>
  <testcase name="homepage" time="35.562" classname="Retry.AssertClass1234"/>
</testsuite> <!-- Retry.AssertClass1234 -->
