<?xml version="1.0" encoding="UTF-8"?>
<!-- Generated by org.testng.reporters.JUnitReportReporter -->
<testsuite hostname="Rak" failures="0" tests="1" name="Retry.javascript" time="226.698" errors="0" timestamp="03 Feb 2019 03:30:48 GMT" skipped="0">
  <testcase classname="Retry.javascript" name="LogIn" time="226.698"/>
</testsuite> <!-- Retry.javascript -->
